Using pre-set license
Built from '2020.3/staging' branch; Version is '2020.3.14f1 (d0d1bb862f9d) revision 13685179'; Using compiler version '192528614'; Build Type 'Release'
OS: 'Windows 10 Pro; OS build 19042.1288; Version 2009; 64bit' Language: 'en' Physical Memory: 8121 MB
BatchMode: 1, IsHumanControllingUs: 0, StartBugReporterOnCrash: 0, Is64bit: 1, IsPro: 0

 COMMAND LINE ARGUMENTS:
C:\Program Files\Unity\Hub\Editor\2020.3.14f1\Editor\Unity.exe
-adb2
-batchMode
-noUpm
-name
AssetImportWorker0
-projectPath
C:/Users/David/Documents/Unity/MetaMask
-logFile
Logs/AssetImportWorker0.log
-srvPort
60398
Successfully changed project path to: C:/Users/David/Documents/Unity/MetaMask
C:/Users/David/Documents/Unity/MetaMask
Using Asset Import Pipeline V2.
Refreshing native plugins compatible for Editor in 46.40 ms, found 2 plugins.
Preloading 0 native plugins for Editor in 0.00 ms.
Initialize engine version: 2020.3.14f1 (d0d1bb862f9d)
[Subsystems] Discovering subsystems at path C:/Program Files/Unity/Hub/Editor/2020.3.14f1/Editor/Data/Resources/UnitySubsystems
[Subsystems] Discovering subsystems at path C:/Users/David/Documents/Unity/MetaMask/Assets
GfxDevice: creating device client; threaded=0
Direct3D:
    Version:  Direct3D 11.0 [level 11.1]
    Renderer: Radeon RX 580 Series (ID=0x67df)
    Vendor:   
    VRAM:     4075 MB
    Driver:   27.20.1034.6
Initialize mono
Mono path[0] = 'C:/Program Files/Unity/Hub/Editor/2020.3.14f1/Editor/Data/Managed'
Mono path[1] = 'C:/Program Files/Unity/Hub/Editor/2020.3.14f1/Editor/Data/MonoBleedingEdge/lib/mono/unityjit'
Mono config path = 'C:/Program Files/Unity/Hub/Editor/2020.3.14f1/Editor/Data/MonoBleedingEdge/etc'
Using monoOptions --debugger-agent=transport=dt_socket,embedding=1,server=y,suspend=n,address=127.0.0.1:56864
Begin MonoManager ReloadAssembly
Registering precompiled unity dll's ...
Register platform support module: C:/Program Files/Unity/Hub/Editor/2020.3.14f1/Editor/Data/PlaybackEngines/WebGLSupport/UnityEditor.WebGL.Extensions.dll
Register platform support module: C:/Program Files/Unity/Hub/Editor/2020.3.14f1/Editor/Data/PlaybackEngines/WindowsStandaloneSupport/UnityEditor.WindowsStandalone.Extensions.dll
Registered in 0.003625 seconds.
Native extension for WindowsStandalone target not found
Native extension for WebGL target not found
Refreshing native plugins compatible for Editor in 42.05 ms, found 2 plugins.
Preloading 0 native plugins for Editor in 0.00 ms.
Mono: successfully reloaded assembly
- Completed reload, in  3.115 seconds
Domain Reload Profiling:
	ReloadAssembly (3115ms)
		BeginReloadAssembly (74ms)
			ExecutionOrderSort (0ms)
			DisableScriptedObjects (0ms)
			BackupInstance (0ms)
			ReleaseScriptingObjects (0ms)
			CreateAndSetChildDomain (1ms)
		EndReloadAssembly (573ms)
			LoadAssemblies (71ms)
			RebuildTransferFunctionScriptingTraits (0ms)
			SetupTypeCache (212ms)
			ReleaseScriptCaches (0ms)
			RebuildScriptCaches (39ms)
			SetupLoadedEditorAssemblies (221ms)
				LogAssemblyErrors (0ms)
				InitializePlatformSupportModulesInManaged (6ms)
				SetLoadedEditorAssemblies (0ms)
				RefreshPlugins (42ms)
				BeforeProcessingInitializeOnLoad (20ms)
				ProcessInitializeOnLoadAttributes (114ms)
				ProcessInitializeOnLoadMethodAttributes (39ms)
				AfterProcessingInitializeOnLoad (0ms)
				EditorAssembliesLoaded (0ms)
			ExecutionOrderSort2 (0ms)
			AwakeInstancesAfterBackupRestoration (0ms)
Platform modules already initialized, skipping
Registering precompiled user dll's ...
Registered in 0.008215 seconds.
Begin MonoManager ReloadAssembly
Native extension for WindowsStandalone target not found
Native extension for WebGL target not found
Refreshing native plugins compatible for Editor in 0.47 ms, found 2 plugins.
Preloading 0 native plugins for Editor in 0.00 ms.
Mono: successfully reloaded assembly
- Completed reload, in  1.428 seconds
Domain Reload Profiling:
	ReloadAssembly (1429ms)
		BeginReloadAssembly (203ms)
			ExecutionOrderSort (0ms)
			DisableScriptedObjects (7ms)
			BackupInstance (0ms)
			ReleaseScriptingObjects (0ms)
			CreateAndSetChildDomain (24ms)
		EndReloadAssembly (1129ms)
			LoadAssemblies (120ms)
			RebuildTransferFunctionScriptingTraits (0ms)
			SetupTypeCache (361ms)
			ReleaseScriptCaches (1ms)
			RebuildScriptCaches (59ms)
			SetupLoadedEditorAssemblies (450ms)
				LogAssemblyErrors (0ms)
				InitializePlatformSupportModulesInManaged (8ms)
				SetLoadedEditorAssemblies (1ms)
				RefreshPlugins (1ms)
				BeforeProcessingInitializeOnLoad (121ms)
				ProcessInitializeOnLoadAttributes (304ms)
				ProcessInitializeOnLoadMethodAttributes (5ms)
				AfterProcessingInitializeOnLoad (11ms)
				EditorAssembliesLoaded (0ms)
			ExecutionOrderSort2 (0ms)
			AwakeInstancesAfterBackupRestoration (12ms)
Platform modules already initialized, skipping
========================================================================
Worker process is ready to serve import requests
Launched and connected shader compiler UnityShaderCompiler.exe after 0.06 seconds
Refreshing native plugins compatible for Editor in 0.46 ms, found 2 plugins.
Preloading 0 native plugins for Editor in 0.00 ms.
Unloading 1438 Unused Serialized files (Serialized files now loaded: 0)
System memory in use before: 67.0 MB.
System memory in use after: 67.1 MB.

Unloading 23 unused Assets to reduce memory usage. Loaded Objects now: 1867.
Total: 2.779500 ms (FindLiveObjects: 0.207800 ms CreateObjectMapping: 0.042500 ms MarkObjects: 2.416800 ms  DeleteObjects: 0.110200 ms)

AssetImportParameters requested are different than current active one (requested -> active):
  custom:framework-win-MediaFoundation: 216162199b28c13a410421893ffa2e32 -> 
  custom:video-decoder-ogg-theora: a1e56fd34408186e4bbccfd4996cb3dc -> 
  custom:container-muxer-webm: aa71ff27fc2769a1b78a27578f13a17b -> 
  custom:container-demuxer-webm: 4f35f7cbe854078d1ac9338744f61a02 -> 
  custom:container-demuxer-ogg: 62fdf1f143b41e24485cea50d1cbac27 -> 
  custom:video-encoder-webm-vp8: eb34c28f22e8b96e1ab97ce403110664 -> 
  custom:video-decoder-webm-vp8: 9c59270c3fd7afecdb556c50c9e8de78 -> 
  custom:audio-decoder-ogg-vorbis: bf7c407c2cedff20999df2af8eb42d56 -> 
  custom:audio-encoder-webm-vorbis: bf7c407c2cedff20999df2af8eb42d56 -> 
========================================================================
Received Import Request.
  path: Assets/Web3Unity/Scenes
  artifactKey: Guid(9742f580632a8403cabdc9b31db8df79) Importer(815301076,1909f56bfc062723c751e8b465ee728b)
Start importing Assets/Web3Unity/Scenes using Guid(9742f580632a8403cabdc9b31db8df79) Importer(815301076,1909f56bfc062723c751e8b465ee728b)  -> (artifact id: 'c69b895b080b213219505cc5ad782e16') in 0.013893 seconds 
  Import took 0.016836 seconds .

========================================================================
Received Import Request.
  Time since last request: 0.000187 seconds.
  path: Assets/Web3Unity/Scripts
  artifactKey: Guid(f1488009a88fa4fed9e33fcf1790a0cd) Importer(815301076,1909f56bfc062723c751e8b465ee728b)
Start importing Assets/Web3Unity/Scripts using Guid(f1488009a88fa4fed9e33fcf1790a0cd) Importer(815301076,1909f56bfc062723c751e8b465ee728b)  -> (artifact id: '98254e3bf089efe2502812115deaf678') in 0.014078 seconds 
  Import took 0.017802 seconds .

========================================================================
Received Import Request.
  Time since last request: 0.000052 seconds.
  path: Assets/Web3Unity/Prefabs
  artifactKey: Guid(c47c869b31ba140969d372b10bf79d72) Importer(815301076,1909f56bfc062723c751e8b465ee728b)
Start importing Assets/Web3Unity/Prefabs using Guid(c47c869b31ba140969d372b10bf79d72) Importer(815301076,1909f56bfc062723c751e8b465ee728b)  -> (artifact id: '22e6f8fef3b7dbe830981f18b4fbe47c') in 0.011942 seconds 
  Import took 0.014764 seconds .

========================================================================
Received Import Request.
  Time since last request: 0.000420 seconds.
  path: Assets/Scenes/SampleScene.unity
  artifactKey: Guid(9fc0d4010bbf28b4594072e72b8655ab) Importer(815301076,1909f56bfc062723c751e8b465ee728b)
Start importing Assets/Scenes/SampleScene.unity using Guid(9fc0d4010bbf28b4594072e72b8655ab) Importer(815301076,1909f56bfc062723c751e8b465ee728b)  -> (artifact id: '85059f4f9e1a832ed95adaa0d25c5c4c') in 0.025537 seconds 
  Import took 0.029653 seconds .

========================================================================
Received Import Request.
  Time since last request: 0.005276 seconds.
  path: Assets/Scenes/SampleScene.unity
  artifactKey: Guid(9fc0d4010bbf28b4594072e72b8655ab) Importer(815301076,1909f56bfc062723c751e8b465ee728b)
Start importing Assets/Scenes/SampleScene.unity using Guid(9fc0d4010bbf28b4594072e72b8655ab) Importer(815301076,1909f56bfc062723c751e8b465ee728b)  -> (artifact id: '85059f4f9e1a832ed95adaa0d25c5c4c') in 0.005841 seconds 
  Import took 0.009024 seconds .

========================================================================
Received Import Request.
  Time since last request: 11.157740 seconds.
  path: Assets/Plugins/JsonDotNet
  artifactKey: Guid(a43efc3d6106c41e09aab58a7245e06b) Importer(815301076,1909f56bfc062723c751e8b465ee728b)
Start importing Assets/Plugins/JsonDotNet using Guid(a43efc3d6106c41e09aab58a7245e06b) Importer(815301076,1909f56bfc062723c751e8b465ee728b)  -> (artifact id: 'cf59c22ba98a2a6ed6a037e77eaf57e0') in 0.009958 seconds 
  Import took 0.012747 seconds .

========================================================================
Received Import Request.
  Time since last request: 1.057677 seconds.
  path: Assets/Plugins/JsonDotNet/Assemblies
  artifactKey: Guid(577d9725f58264943855b8ac185531fe) Importer(815301076,1909f56bfc062723c751e8b465ee728b)
Start importing Assets/Plugins/JsonDotNet/Assemblies using Guid(577d9725f58264943855b8ac185531fe) Importer(815301076,1909f56bfc062723c751e8b465ee728b)  -> (artifact id: '1ad2a302a26a7009c348b742a42bb556') in 0.009857 seconds 
  Import took 0.012829 seconds .

========================================================================
Received Import Request.
  Time since last request: 1.250003 seconds.
  path: Assets/Plugins/JsonDotNet/Assemblies/AOT
  artifactKey: Guid(2bb7cbf259a15ad45a2edb90d4e9bff0) Importer(815301076,1909f56bfc062723c751e8b465ee728b)
Start importing Assets/Plugins/JsonDotNet/Assemblies/AOT using Guid(2bb7cbf259a15ad45a2edb90d4e9bff0) Importer(815301076,1909f56bfc062723c751e8b465ee728b)  -> (artifact id: '34cbf6bb7037a48ba77c058b35845b8c') in 0.015888 seconds 
  Import took 0.020693 seconds .

========================================================================
Received Import Request.
  Time since last request: 6.980181 seconds.
  path: Assets/Plugins/JsonDotNet/Assemblies/AOT/Newtonsoft.Json.dll
  artifactKey: Guid(6a3c684705042f345975d924f6983e36) Importer(815301076,1909f56bfc062723c751e8b465ee728b)
Start importing Assets/Plugins/JsonDotNet/Assemblies/AOT/Newtonsoft.Json.dll using Guid(6a3c684705042f345975d924f6983e36) Importer(815301076,1909f56bfc062723c751e8b465ee728b)  -> (artifact id: 'e178c24acdd86dc641811d78151d932a') in 0.032952 seconds 
  Import took 0.035755 seconds .

========================================================================
Received Import Request.
  Time since last request: 0.023275 seconds.
  path: Assets/Plugins/JsonDotNet/Assemblies/AOT/Newtonsoft.Json.dll
  artifactKey: Guid(6a3c684705042f345975d924f6983e36) Importer(815301076,1909f56bfc062723c751e8b465ee728b)
Start importing Assets/Plugins/JsonDotNet/Assemblies/AOT/Newtonsoft.Json.dll using Guid(6a3c684705042f345975d924f6983e36) Importer(815301076,1909f56bfc062723c751e8b465ee728b)  -> (artifact id: 'e178c24acdd86dc641811d78151d932a') in 0.003143 seconds 
  Import took 0.005972 seconds .

========================================================================
Received Import Request.
  Time since last request: 24.407857 seconds.
  path: Assets/Plugins/JsonDotNet/Assemblies/AOT/Newtonsoft.Json.XML
  artifactKey: Guid(aadad8ac54f29e44583510294ac5c312) Importer(815301076,1909f56bfc062723c751e8b465ee728b)
Start importing Assets/Plugins/JsonDotNet/Assemblies/AOT/Newtonsoft.Json.XML using Guid(aadad8ac54f29e44583510294ac5c312) Importer(815301076,1909f56bfc062723c751e8b465ee728b)  -> (artifact id: 'b024e2fdbb615f8773bbd53d13288237') in 0.012000 seconds 
  Import took 0.014995 seconds .

========================================================================
Received Import Request.
  Time since last request: 4.561457 seconds.
  path: Assets/Plugins/JsonDotNet/Assemblies/Standalone/Newtonsoft.Json.dll
  artifactKey: Guid(17aef65a15b471f468b5fbeb4ff0c6a1) Importer(815301076,1909f56bfc062723c751e8b465ee728b)
Start importing Assets/Plugins/JsonDotNet/Assemblies/Standalone/Newtonsoft.Json.dll using Guid(17aef65a15b471f468b5fbeb4ff0c6a1) Importer(815301076,1909f56bfc062723c751e8b465ee728b)  -> (artifact id: '33fd37dd520f345eeb675fb86a00dadd') in 0.004726 seconds 
  Import took 0.007609 seconds .

========================================================================
Received Import Request.
  Time since last request: 0.003338 seconds.
  path: Assets/Plugins/JsonDotNet/Assemblies/Standalone/Newtonsoft.Json.dll
  artifactKey: Guid(17aef65a15b471f468b5fbeb4ff0c6a1) Importer(815301076,1909f56bfc062723c751e8b465ee728b)
Start importing Assets/Plugins/JsonDotNet/Assemblies/Standalone/Newtonsoft.Json.dll using Guid(17aef65a15b471f468b5fbeb4ff0c6a1) Importer(815301076,1909f56bfc062723c751e8b465ee728b)  -> (artifact id: '33fd37dd520f345eeb675fb86a00dadd') in 0.003340 seconds 
  Import took 0.006212 seconds .

========================================================================
Received Prepare
Registering precompiled user dll's ...
Registered in 0.006718 seconds.
Begin MonoManager ReloadAssembly
Native extension for WindowsStandalone target not found
Native extension for WebGL target not found
Refreshing native plugins compatible for Editor in 0.47 ms, found 2 plugins.
Preloading 0 native plugins for Editor in 0.00 ms.
Mono: successfully reloaded assembly
- Completed reload, in  1.343 seconds
Domain Reload Profiling:
	ReloadAssembly (1344ms)
		BeginReloadAssembly (153ms)
			ExecutionOrderSort (0ms)
			DisableScriptedObjects (8ms)
			BackupInstance (0ms)
			ReleaseScriptingObjects (0ms)
			CreateAndSetChildDomain (41ms)
		EndReloadAssembly (1083ms)
			LoadAssemblies (139ms)
			RebuildTransferFunctionScriptingTraits (0ms)
			SetupTypeCache (376ms)
			ReleaseScriptCaches (1ms)
			RebuildScriptCaches (48ms)
			SetupLoadedEditorAssemblies (397ms)
				LogAssemblyErrors (0ms)
				InitializePlatformSupportModulesInManaged (9ms)
				SetLoadedEditorAssemblies (1ms)
				RefreshPlugins (1ms)
				BeforeProcessingInitializeOnLoad (115ms)
				ProcessInitializeOnLoadAttributes (255ms)
				ProcessInitializeOnLoadMethodAttributes (6ms)
				AfterProcessingInitializeOnLoad (10ms)
				EditorAssembliesLoaded (0ms)
			ExecutionOrderSort2 (0ms)
			AwakeInstancesAfterBackupRestoration (9ms)
Platform modules already initialized, skipping
Refreshing native plugins compatible for Editor in 0.45 ms, found 2 plugins.
Preloading 0 native plugins for Editor in 0.00 ms.
Unloading 1431 Unused Serialized files (Serialized files now loaded: 0)
System memory in use before: 67.0 MB.
System memory in use after: 67.1 MB.

Unloading 16 unused Assets to reduce memory usage. Loaded Objects now: 1870.
Total: 2.549100 ms (FindLiveObjects: 0.208500 ms CreateObjectMapping: 0.053100 ms MarkObjects: 2.213300 ms  DeleteObjects: 0.072200 ms)

AssetImportParameters requested are different than current active one (requested -> active):
  custom:framework-win-MediaFoundation: 216162199b28c13a410421893ffa2e32 -> 
  custom:video-decoder-ogg-theora: a1e56fd34408186e4bbccfd4996cb3dc -> 
  custom:container-muxer-webm: aa71ff27fc2769a1b78a27578f13a17b -> 
  custom:container-demuxer-webm: 4f35f7cbe854078d1ac9338744f61a02 -> 
  custom:container-demuxer-ogg: 62fdf1f143b41e24485cea50d1cbac27 -> 
  custom:video-encoder-webm-vp8: eb34c28f22e8b96e1ab97ce403110664 -> 
  custom:video-decoder-webm-vp8: 9c59270c3fd7afecdb556c50c9e8de78 -> 
  custom:audio-decoder-ogg-vorbis: bf7c407c2cedff20999df2af8eb42d56 -> 
  custom:audio-encoder-webm-vorbis: bf7c407c2cedff20999df2af8eb42d56 -> 
========================================================================
Received Import Request.
  Time since last request: 14.437292 seconds.
  path: Assets/Plugins/JsonDotNet/Assemblies/Standalone/Newtonsoft.Json.XML
  artifactKey: Guid(d6807fedb8dcaf04682d2c84f0ab753f) Importer(815301076,1909f56bfc062723c751e8b465ee728b)
Start importing Assets/Plugins/JsonDotNet/Assemblies/Standalone/Newtonsoft.Json.XML using Guid(d6807fedb8dcaf04682d2c84f0ab753f) Importer(815301076,1909f56bfc062723c751e8b465ee728b)  -> (artifact id: '28b33ddfffc7c565cb6fd6db3e1c591b') in 0.013609 seconds 
  Import took 0.016400 seconds .

========================================================================
Received Prepare
Registering precompiled user dll's ...
Registered in 0.007768 seconds.
Begin MonoManager ReloadAssembly
Native extension for WindowsStandalone target not found
Native extension for WebGL target not found
Refreshing native plugins compatible for Editor in 0.46 ms, found 2 plugins.
Preloading 0 native plugins for Editor in 0.00 ms.
Mono: successfully reloaded assembly
- Completed reload, in  1.422 seconds
Domain Reload Profiling:
	ReloadAssembly (1422ms)
		BeginReloadAssembly (159ms)
			ExecutionOrderSort (0ms)
			DisableScriptedObjects (7ms)
			BackupInstance (0ms)
			ReleaseScriptingObjects (0ms)
			CreateAndSetChildDomain (48ms)
		EndReloadAssembly (1162ms)
			LoadAssemblies (138ms)
			RebuildTransferFunctionScriptingTraits (0ms)
			SetupTypeCache (399ms)
			ReleaseScriptCaches (1ms)
			RebuildScriptCaches (49ms)
			SetupLoadedEditorAssemblies (445ms)
				LogAssemblyErrors (0ms)
				InitializePlatformSupportModulesInManaged (9ms)
				SetLoadedEditorAssemblies (1ms)
				RefreshPlugins (1ms)
				BeforeProcessingInitializeOnLoad (123ms)
				ProcessInitializeOnLoadAttributes (296ms)
				ProcessInitializeOnLoadMethodAttributes (6ms)
				AfterProcessingInitializeOnLoad (11ms)
				EditorAssembliesLoaded (1ms)
			ExecutionOrderSort2 (0ms)
			AwakeInstancesAfterBackupRestoration (11ms)
Platform modules already initialized, skipping
Refreshing native plugins compatible for Editor in 0.45 ms, found 2 plugins.
Preloading 0 native plugins for Editor in 0.00 ms.
Unloading 1431 Unused Serialized files (Serialized files now loaded: 0)
System memory in use before: 67.0 MB.
System memory in use after: 67.1 MB.

Unloading 16 unused Assets to reduce memory usage. Loaded Objects now: 1873.
Total: 2.521000 ms (FindLiveObjects: 0.200600 ms CreateObjectMapping: 0.043900 ms MarkObjects: 2.201900 ms  DeleteObjects: 0.072500 ms)

AssetImportParameters requested are different than current active one (requested -> active):
  custom:framework-win-MediaFoundation: 216162199b28c13a410421893ffa2e32 -> 
  custom:video-decoder-ogg-theora: a1e56fd34408186e4bbccfd4996cb3dc -> 
  custom:container-muxer-webm: aa71ff27fc2769a1b78a27578f13a17b -> 
  custom:container-demuxer-webm: 4f35f7cbe854078d1ac9338744f61a02 -> 
  custom:container-demuxer-ogg: 62fdf1f143b41e24485cea50d1cbac27 -> 
  custom:video-encoder-webm-vp8: eb34c28f22e8b96e1ab97ce403110664 -> 
  custom:video-decoder-webm-vp8: 9c59270c3fd7afecdb556c50c9e8de78 -> 
  custom:audio-decoder-ogg-vorbis: bf7c407c2cedff20999df2af8eb42d56 -> 
  custom:audio-encoder-webm-vorbis: bf7c407c2cedff20999df2af8eb42d56 -> 
========================================================================
Received Import Request.
  Time since last request: 21.447793 seconds.
  path: Assets/Plugins/AsyncAwaitUtil/Tests
  artifactKey: Guid(b3788c4ba439f45439109a43b59a5d16) Importer(815301076,1909f56bfc062723c751e8b465ee728b)
Start importing Assets/Plugins/AsyncAwaitUtil/Tests using Guid(b3788c4ba439f45439109a43b59a5d16) Importer(815301076,1909f56bfc062723c751e8b465ee728b)  -> (artifact id: '57bafde1f6e5a710f34b028c2ff78f6a') in 0.013056 seconds 
  Import took 0.016304 seconds .

========================================================================
Received Import Request.
  Time since last request: 1.243192 seconds.
  path: Assets/Plugins/AsyncAwaitUtil/Tests/AsyncTests.unity
  artifactKey: Guid(1bd0e101aab2ee24cbc1d7902b692a75) Importer(815301076,1909f56bfc062723c751e8b465ee728b)
Start importing Assets/Plugins/AsyncAwaitUtil/Tests/AsyncTests.unity using Guid(1bd0e101aab2ee24cbc1d7902b692a75) Importer(815301076,1909f56bfc062723c751e8b465ee728b)  -> (artifact id: 'bffe8662b7f1e0d7da404323fbbaff6c') in 0.017902 seconds 
  Import took 0.020861 seconds .

========================================================================
Received Import Request.
  Time since last request: 0.711887 seconds.
  path: Assets/Plugins/AsyncAwaitUtil/Tests/AsyncUtilTests.cs
  artifactKey: Guid(cb4f149e5fdd59e45958e5b591ca42e6) Importer(815301076,1909f56bfc062723c751e8b465ee728b)
Start importing Assets/Plugins/AsyncAwaitUtil/Tests/AsyncUtilTests.cs using Guid(cb4f149e5fdd59e45958e5b591ca42e6) Importer(815301076,1909f56bfc062723c751e8b465ee728b)  -> (artifact id: '68856933348fb3fcd951165a915c6a33') in 0.011911 seconds 
  Import took 0.015000 seconds .

========================================================================
Received Import Request.
  Time since last request: 24.431996 seconds.
  path: Assets/Plugins/Android
  artifactKey: Guid(9cd23c71d0d4141a59629350b89f6e29) Importer(815301076,1909f56bfc062723c751e8b465ee728b)
Start importing Assets/Plugins/Android using Guid(9cd23c71d0d4141a59629350b89f6e29) Importer(815301076,1909f56bfc062723c751e8b465ee728b)  -> (artifact id: 'fedcde0d04dabd260b896f9d84f344bd') in 0.009677 seconds 
  Import took 0.012605 seconds .

========================================================================
Received Import Request.
  Time since last request: 1.065043 seconds.
  path: Assets/Plugins/Android/AndroidManifest.xml
  artifactKey: Guid(b570870c775de4395af2b3b8670e72ab) Importer(815301076,1909f56bfc062723c751e8b465ee728b)
Start importing Assets/Plugins/Android/AndroidManifest.xml using Guid(b570870c775de4395af2b3b8670e72ab) Importer(815301076,1909f56bfc062723c751e8b465ee728b)  -> (artifact id: '7f5fba6d1cd01477a305c2b88ca49bbb') in 0.013717 seconds 
  Import took 0.016788 seconds .

========================================================================
Received Import Request.
  Time since last request: 9.376255 seconds.
  path: Assets/Web3Unity/Prefabs/WebGL
  artifactKey: Guid(3ea247086438d447383ff8218b6bf721) Importer(815301076,1909f56bfc062723c751e8b465ee728b)
Start importing Assets/Web3Unity/Prefabs/WebGL using Guid(3ea247086438d447383ff8218b6bf721) Importer(815301076,1909f56bfc062723c751e8b465ee728b)  -> (artifact id: 'b08f1c56d5a56af540c12845ca47cf0b') in 0.009841 seconds 
  Import took 0.012678 seconds .

========================================================================
Received Import Request.
  Time since last request: 1.051278 seconds.
  path: Assets/Web3Unity/Prefabs/WebGL/SendContractExampleCanvas.prefab
  artifactKey: Guid(0567812a2b8c94ecfb00d31f89600869) Importer(815301076,1909f56bfc062723c751e8b465ee728b)
Start importing Assets/Web3Unity/Prefabs/WebGL/SendContractExampleCanvas.prefab using Guid(0567812a2b8c94ecfb00d31f89600869) Importer(815301076,1909f56bfc062723c751e8b465ee728b)  -> (artifact id: 'df992cf46972a13096c6186795036ecd') in 0.054204 seconds 
  Import took 0.057194 seconds .

========================================================================
Received Import Request.
  Time since last request: 0.000260 seconds.
  path: Assets/Web3Unity/Prefabs/WebGL/SendTransactionExampleCanvas.prefab
  artifactKey: Guid(7e451e692e7024237ad2143bfd11a615) Importer(815301076,1909f56bfc062723c751e8b465ee728b)
Start importing Assets/Web3Unity/Prefabs/WebGL/SendTransactionExampleCanvas.prefab using Guid(7e451e692e7024237ad2143bfd11a615) Importer(815301076,1909f56bfc062723c751e8b465ee728b)  -> (artifact id: '79cb20ecd47a69e153062bb6b5090c48') in 0.013675 seconds 
  Import took 0.016995 seconds .

========================================================================
Received Import Request.
  Time since last request: 0.000323 seconds.
  path: Assets/Web3Unity/Prefabs/WebGL/WebGLSignOutCanvas.prefab
  artifactKey: Guid(ab3c4e4b82ffe4633b68c8b05c476dee) Importer(815301076,1909f56bfc062723c751e8b465ee728b)
Start importing Assets/Web3Unity/Prefabs/WebGL/WebGLSignOutCanvas.prefab using Guid(ab3c4e4b82ffe4633b68c8b05c476dee) Importer(815301076,1909f56bfc062723c751e8b465ee728b)  -> (artifact id: '23a50f4fc2ad98d6e2c6d8bbbae8a862') in 0.013728 seconds 
  Import took 0.017882 seconds .

========================================================================
Received Import Request.
  Time since last request: 0.000284 seconds.
  path: Assets/Web3Unity/Prefabs/WebGL/Transfer20.prefab
  artifactKey: Guid(981b0d3a295cd4b329aa6f89a2fb9a3b) Importer(815301076,1909f56bfc062723c751e8b465ee728b)
Start importing Assets/Web3Unity/Prefabs/WebGL/Transfer20.prefab using Guid(981b0d3a295cd4b329aa6f89a2fb9a3b) Importer(815301076,1909f56bfc062723c751e8b465ee728b)  -> (artifact id: 'dfa4d54ef9e4789f6d03dfdd9381f305') in 0.013902 seconds 
  Import took 0.016831 seconds .

========================================================================
Received Import Request.
  Time since last request: 0.000287 seconds.
  path: Assets/Web3Unity/Prefabs/WebGL/SignMessageExampleCanvas.prefab
  artifactKey: Guid(6d76aaf2c47cc492998a5a398fddcda3) Importer(815301076,1909f56bfc062723c751e8b465ee728b)
Start importing Assets/Web3Unity/Prefabs/WebGL/SignMessageExampleCanvas.prefab using Guid(6d76aaf2c47cc492998a5a398fddcda3) Importer(815301076,1909f56bfc062723c751e8b465ee728b)  -> (artifact id: 'd79591d6936ace69c61bf090e41818ea') in 0.012701 seconds 
  Import took 0.015678 seconds .

========================================================================
Received Import Request.
  Time since last request: 0.000234 seconds.
  path: Assets/Web3Unity/Prefabs/WebGL/Transfer721.prefab
  artifactKey: Guid(f12787413a5a1493384c967219b49682) Importer(815301076,1909f56bfc062723c751e8b465ee728b)
Start importing Assets/Web3Unity/Prefabs/WebGL/Transfer721.prefab using Guid(f12787413a5a1493384c967219b49682) Importer(815301076,1909f56bfc062723c751e8b465ee728b)  -> (artifact id: 'c0371aa35a362be8f74ec1176c7984fc') in 0.013688 seconds 
  Import took 0.016646 seconds .

========================================================================
Received Import Request.
  Time since last request: 0.000286 seconds.
  path: Assets/Web3Unity/Prefabs/WebGL/Transfer1155.prefab
  artifactKey: Guid(42bf8f9d250ca45c6b52d0179ee8f318) Importer(815301076,1909f56bfc062723c751e8b465ee728b)
Start importing Assets/Web3Unity/Prefabs/WebGL/Transfer1155.prefab using Guid(42bf8f9d250ca45c6b52d0179ee8f318) Importer(815301076,1909f56bfc062723c751e8b465ee728b)  -> (artifact id: '66e529a116e4da2d2621c8016c8ba6e8') in 0.014768 seconds 
  Import took 0.018357 seconds .

========================================================================
Received Import Request.
  Time since last request: 0.000247 seconds.
  path: Assets/Web3Unity/Prefabs/WebGL/Transfer721.prefab
  artifactKey: Guid(f12787413a5a1493384c967219b49682) Importer(815301076,1909f56bfc062723c751e8b465ee728b)
Start importing Assets/Web3Unity/Prefabs/WebGL/Transfer721.prefab using Guid(f12787413a5a1493384c967219b49682) Importer(815301076,1909f56bfc062723c751e8b465ee728b)  -> (artifact id: 'c0371aa35a362be8f74ec1176c7984fc') in 0.007518 seconds 
  Import took 0.010402 seconds .

========================================================================
Received Import Request.
  Time since last request: 0.000220 seconds.
  path: Assets/Web3Unity/Prefabs/WebGL/Transfer1155.prefab
  artifactKey: Guid(42bf8f9d250ca45c6b52d0179ee8f318) Importer(815301076,1909f56bfc062723c751e8b465ee728b)
Start importing Assets/Web3Unity/Prefabs/WebGL/Transfer1155.prefab using Guid(42bf8f9d250ca45c6b52d0179ee8f318) Importer(815301076,1909f56bfc062723c751e8b465ee728b)  -> (artifact id: '66e529a116e4da2d2621c8016c8ba6e8') in 0.007677 seconds 
  Import took 0.010842 seconds .

========================================================================
Received Import Request.
  Time since last request: 16.960462 seconds.
  path: Assets/Web3Unity/Scenes/WebLogin.unity
  artifactKey: Guid(a1b2001e782bb47659732d7e2bcdc35f) Importer(815301076,1909f56bfc062723c751e8b465ee728b)
Start importing Assets/Web3Unity/Scenes/WebLogin.unity using Guid(a1b2001e782bb47659732d7e2bcdc35f) Importer(815301076,1909f56bfc062723c751e8b465ee728b)  -> (artifact id: '3b8a512e582ce733acc85471dfdb8c84') in 0.013018 seconds 
  Import took 0.015984 seconds .

========================================================================
Received Import Request.
  Time since last request: 10.681527 seconds.
  path: Assets/Scenes
  artifactKey: Guid(936b820cef6946643b43e7bdb9a021ee) Importer(815301076,1909f56bfc062723c751e8b465ee728b)
Start importing Assets/Scenes using Guid(936b820cef6946643b43e7bdb9a021ee) Importer(815301076,1909f56bfc062723c751e8b465ee728b)  -> (artifact id: '2ea4962f211d05f4337a621bc3378956') in 0.005359 seconds 
  Import took 0.008195 seconds .

========================================================================
Received Prepare
Registering precompiled user dll's ...
Registered in 0.007012 seconds.
Begin MonoManager ReloadAssembly
Native extension for WindowsStandalone target not found
Native extension for WebGL target not found
Refreshing native plugins compatible for Editor in 0.45 ms, found 2 plugins.
Preloading 0 native plugins for Editor in 0.00 ms.
Mono: successfully reloaded assembly
- Completed reload, in  1.310 seconds
Domain Reload Profiling:
	ReloadAssembly (1311ms)
		BeginReloadAssembly (147ms)
			ExecutionOrderSort (0ms)
			DisableScriptedObjects (6ms)
			BackupInstance (0ms)
			ReleaseScriptingObjects (0ms)
			CreateAndSetChildDomain (38ms)
		EndReloadAssembly (1074ms)
			LoadAssemblies (118ms)
			RebuildTransferFunctionScriptingTraits (0ms)
			SetupTypeCache (379ms)
			ReleaseScriptCaches (1ms)
			RebuildScriptCaches (50ms)
			SetupLoadedEditorAssemblies (395ms)
				LogAssemblyErrors (0ms)
				InitializePlatformSupportModulesInManaged (8ms)
				SetLoadedEditorAssemblies (1ms)
				RefreshPlugins (1ms)
				BeforeProcessingInitializeOnLoad (110ms)
				ProcessInitializeOnLoadAttributes (261ms)
				ProcessInitializeOnLoadMethodAttributes (4ms)
				AfterProcessingInitializeOnLoad (10ms)
				EditorAssembliesLoaded (0ms)
			ExecutionOrderSort2 (0ms)
			AwakeInstancesAfterBackupRestoration (9ms)
Platform modules already initialized, skipping
Refreshing native plugins compatible for Editor in 0.47 ms, found 2 plugins.
Preloading 0 native plugins for Editor in 0.00 ms.
Unloading 1431 Unused Serialized files (Serialized files now loaded: 0)
System memory in use before: 67.2 MB.
System memory in use after: 67.2 MB.

Unloading 17 unused Assets to reduce memory usage. Loaded Objects now: 1878.
Total: 2.523000 ms (FindLiveObjects: 0.199800 ms CreateObjectMapping: 0.048200 ms MarkObjects: 2.191700 ms  DeleteObjects: 0.081800 ms)

AssetImportParameters requested are different than current active one (requested -> active):
  custom:framework-win-MediaFoundation: 216162199b28c13a410421893ffa2e32 -> 
  custom:video-decoder-ogg-theora: a1e56fd34408186e4bbccfd4996cb3dc -> 
  custom:container-muxer-webm: aa71ff27fc2769a1b78a27578f13a17b -> 
  custom:container-demuxer-webm: 4f35f7cbe854078d1ac9338744f61a02 -> 
  custom:container-demuxer-ogg: 62fdf1f143b41e24485cea50d1cbac27 -> 
  custom:video-encoder-webm-vp8: eb34c28f22e8b96e1ab97ce403110664 -> 
  custom:video-decoder-webm-vp8: 9c59270c3fd7afecdb556c50c9e8de78 -> 
  custom:audio-decoder-ogg-vorbis: bf7c407c2cedff20999df2af8eb42d56 -> 
  custom:audio-encoder-webm-vorbis: bf7c407c2cedff20999df2af8eb42d56 -> 
========================================================================
Received Prepare
Registering precompiled user dll's ...
Registered in 0.005743 seconds.
Begin MonoManager ReloadAssembly
Native extension for WindowsStandalone target not found
Native extension for WebGL target not found
Refreshing native plugins compatible for Editor in 0.47 ms, found 2 plugins.
Preloading 0 native plugins for Editor in 0.00 ms.
Mono: successfully reloaded assembly
- Completed reload, in  1.333 seconds
Domain Reload Profiling:
	ReloadAssembly (1334ms)
		BeginReloadAssembly (144ms)
			ExecutionOrderSort (0ms)
			DisableScriptedObjects (6ms)
			BackupInstance (0ms)
			ReleaseScriptingObjects (0ms)
			CreateAndSetChildDomain (37ms)
		EndReloadAssembly (1098ms)
			LoadAssemblies (117ms)
			RebuildTransferFunctionScriptingTraits (0ms)
			SetupTypeCache (366ms)
			ReleaseScriptCaches (1ms)
			RebuildScriptCaches (53ms)
			SetupLoadedEditorAssemblies (408ms)
				LogAssemblyErrors (0ms)
				InitializePlatformSupportModulesInManaged (9ms)
				SetLoadedEditorAssemblies (1ms)
				RefreshPlugins (1ms)
				BeforeProcessingInitializeOnLoad (117ms)
				ProcessInitializeOnLoadAttributes (266ms)
				ProcessInitializeOnLoadMethodAttributes (4ms)
				AfterProcessingInitializeOnLoad (10ms)
				EditorAssembliesLoaded (0ms)
			ExecutionOrderSort2 (0ms)
			AwakeInstancesAfterBackupRestoration (10ms)
Platform modules already initialized, skipping
Refreshing native plugins compatible for Editor in 0.45 ms, found 2 plugins.
Preloading 0 native plugins for Editor in 0.00 ms.
Unloading 1431 Unused Serialized files (Serialized files now loaded: 0)
System memory in use before: 67.2 MB.
System memory in use after: 67.2 MB.

Unloading 16 unused Assets to reduce memory usage. Loaded Objects now: 1881.
Total: 2.782200 ms (FindLiveObjects: 0.210600 ms CreateObjectMapping: 0.052100 ms MarkObjects: 2.326200 ms  DeleteObjects: 0.190800 ms)

AssetImportParameters requested are different than current active one (requested -> active):
  custom:framework-win-MediaFoundation: 216162199b28c13a410421893ffa2e32 -> 
  custom:video-decoder-ogg-theora: a1e56fd34408186e4bbccfd4996cb3dc -> 
  custom:container-muxer-webm: aa71ff27fc2769a1b78a27578f13a17b -> 
  custom:container-demuxer-webm: 4f35f7cbe854078d1ac9338744f61a02 -> 
  custom:container-demuxer-ogg: 62fdf1f143b41e24485cea50d1cbac27 -> 
  custom:video-encoder-webm-vp8: eb34c28f22e8b96e1ab97ce403110664 -> 
  custom:video-decoder-webm-vp8: 9c59270c3fd7afecdb556c50c9e8de78 -> 
  custom:audio-decoder-ogg-vorbis: bf7c407c2cedff20999df2af8eb42d56 -> 
  custom:audio-encoder-webm-vorbis: bf7c407c2cedff20999df2af8eb42d56 -> 
========================================================================
Received Prepare
Refreshing native plugins compatible for Editor in 5.02 ms, found 2 plugins.
Preloading 0 native plugins for Editor in 0.00 ms.
Unloading 14 Unused Serialized files (Serialized files now loaded: 0)
System memory in use before: 39.1 MB.
System memory in use after: 39.2 MB.

Unloading 14 unused Assets to reduce memory usage. Loaded Objects now: 1881.
Total: 2.395000 ms (FindLiveObjects: 0.189300 ms CreateObjectMapping: 0.043100 ms MarkObjects: 2.096100 ms  DeleteObjects: 0.065100 ms)

AssetImportParameters requested are different than current active one (requested -> active):
  custom:framework-win-MediaFoundation: 216162199b28c13a410421893ffa2e32 -> 
  custom:video-decoder-ogg-theora: a1e56fd34408186e4bbccfd4996cb3dc -> 
  custom:container-muxer-webm: aa71ff27fc2769a1b78a27578f13a17b -> 
  custom:container-demuxer-webm: 4f35f7cbe854078d1ac9338744f61a02 -> 
  custom:container-demuxer-ogg: 62fdf1f143b41e24485cea50d1cbac27 -> 
  custom:video-encoder-webm-vp8: eb34c28f22e8b96e1ab97ce403110664 -> 
  custom:video-decoder-webm-vp8: 9c59270c3fd7afecdb556c50c9e8de78 -> 
  custom:audio-decoder-ogg-vorbis: bf7c407c2cedff20999df2af8eb42d56 -> 
  custom:audio-encoder-webm-vorbis: bf7c407c2cedff20999df2af8eb42d56 -> 
========================================================================
Received Prepare
Refreshing native plugins compatible for Editor in 5.69 ms, found 2 plugins.
Preloading 0 native plugins for Editor in 0.00 ms.
Unloading 14 Unused Serialized files (Serialized files now loaded: 0)
System memory in use before: 39.1 MB.
System memory in use after: 39.2 MB.

Unloading 14 unused Assets to reduce memory usage. Loaded Objects now: 1881.
Total: 2.387500 ms (FindLiveObjects: 0.185000 ms CreateObjectMapping: 0.041800 ms MarkObjects: 2.094700 ms  DeleteObjects: 0.065000 ms)

AssetImportParameters requested are different than current active one (requested -> active):
  custom:framework-win-MediaFoundation: 216162199b28c13a410421893ffa2e32 -> 
  custom:video-decoder-ogg-theora: a1e56fd34408186e4bbccfd4996cb3dc -> 
  custom:container-muxer-webm: aa71ff27fc2769a1b78a27578f13a17b -> 
  custom:container-demuxer-webm: 4f35f7cbe854078d1ac9338744f61a02 -> 
  custom:container-demuxer-ogg: 62fdf1f143b41e24485cea50d1cbac27 -> 
  custom:video-encoder-webm-vp8: eb34c28f22e8b96e1ab97ce403110664 -> 
  custom:video-decoder-webm-vp8: 9c59270c3fd7afecdb556c50c9e8de78 -> 
  custom:audio-decoder-ogg-vorbis: bf7c407c2cedff20999df2af8eb42d56 -> 
  custom:audio-encoder-webm-vorbis: bf7c407c2cedff20999df2af8eb42d56 -> 
========================================================================
Received Prepare
Refreshing native plugins compatible for Editor in 6.70 ms, found 2 plugins.
Preloading 0 native plugins for Editor in 0.00 ms.
Unloading 14 Unused Serialized files (Serialized files now loaded: 0)
System memory in use before: 39.1 MB.
System memory in use after: 39.2 MB.

Unloading 14 unused Assets to reduce memory usage. Loaded Objects now: 1881.
Total: 2.523200 ms (FindLiveObjects: 0.180800 ms CreateObjectMapping: 0.041800 ms MarkObjects: 2.225400 ms  DeleteObjects: 0.073400 ms)

AssetImportParameters requested are different than current active one (requested -> active):
  custom:framework-win-MediaFoundation: 216162199b28c13a410421893ffa2e32 -> 
  custom:video-decoder-ogg-theora: a1e56fd34408186e4bbccfd4996cb3dc -> 
  custom:container-muxer-webm: aa71ff27fc2769a1b78a27578f13a17b -> 
  custom:container-demuxer-webm: 4f35f7cbe854078d1ac9338744f61a02 -> 
  custom:container-demuxer-ogg: 62fdf1f143b41e24485cea50d1cbac27 -> 
  custom:video-encoder-webm-vp8: eb34c28f22e8b96e1ab97ce403110664 -> 
  custom:video-decoder-webm-vp8: 9c59270c3fd7afecdb556c50c9e8de78 -> 
  custom:audio-decoder-ogg-vorbis: bf7c407c2cedff20999df2af8eb42d56 -> 
  custom:audio-encoder-webm-vorbis: bf7c407c2cedff20999df2af8eb42d56 -> 
